d:\projects\c++\excercisesofcpp\fishhorizontalmovement\x64\debug\fishhorizontalmovement.pch
d:\projects\c++\excercisesofcpp\fishhorizontalmovement\x64\debug\vc143.pdb
d:\projects\c++\excercisesofcpp\fishhorizontalmovement\x64\debug\pch.obj
d:\projects\c++\excercisesofcpp\fishhorizontalmovement\x64\debug\fishhorizontalmovement.obj
d:\projects\c++\excercisesofcpp\fishhorizontalmovement\x64\debug\assemblyinfo.obj
d:\projects\c++\excercisesofcpp\fishhorizontalmovement\x64\debug\.netframework,version=v4.8.assemblyattributes.obj
d:\projects\c++\excercisesofcpp\x64\debug\fishhorizontalmovement.exe
d:\projects\c++\excercisesofcpp\x64\debug\fishhorizontalmovement.pdb
d:\projects\c++\excercisesofcpp\fishhorizontalmovement\x64\debug\app.res
d:\projects\c++\excercisesofcpp\fishhorizontalmovement\x64\debug\fishhori.24fed5ae.tlog\cl.command.1.tlog
d:\projects\c++\excercisesofcpp\fishhorizontalmovement\x64\debug\fishhori.24fed5ae.tlog\cl.items.tlog
d:\projects\c++\excercisesofcpp\fishhorizontalmovement\x64\debug\fishhori.24fed5ae.tlog\cl.read.1.tlog
d:\projects\c++\excercisesofcpp\fishhorizontalmovement\x64\debug\fishhori.24fed5ae.tlog\cl.write.1.tlog
d:\projects\c++\excercisesofcpp\fishhorizontalmovement\x64\debug\fishhori.24fed5ae.tlog\link.command.1.tlog
d:\projects\c++\excercisesofcpp\fishhorizontalmovement\x64\debug\fishhori.24fed5ae.tlog\link.read.1.tlog
d:\projects\c++\excercisesofcpp\fishhorizontalmovement\x64\debug\fishhori.24fed5ae.tlog\link.secondary.1.tlog
d:\projects\c++\excercisesofcpp\fishhorizontalmovement\x64\debug\fishhori.24fed5ae.tlog\link.write.1.tlog
d:\projects\c++\excercisesofcpp\fishhorizontalmovement\x64\debug\fishhori.24fed5ae.tlog\metagen.read.1.tlog
d:\projects\c++\excercisesofcpp\fishhorizontalmovement\x64\debug\fishhori.24fed5ae.tlog\metagen.write.1.tlog
d:\projects\c++\excercisesofcpp\fishhorizontalmovement\x64\debug\fishhori.24fed5ae.tlog\rc.command.1.tlog
d:\projects\c++\excercisesofcpp\fishhorizontalmovement\x64\debug\fishhori.24fed5ae.tlog\rc.read.1.tlog
d:\projects\c++\excercisesofcpp\fishhorizontalmovement\x64\debug\fishhori.24fed5ae.tlog\rc.write.1.tlog
