d:\projects\c++\excercisesofcpp\contactlist\x64\debug\contactlist.pch
d:\projects\c++\excercisesofcpp\contactlist\x64\debug\vc143.pdb
d:\projects\c++\excercisesofcpp\contactlist\x64\debug\pch.obj
d:\projects\c++\excercisesofcpp\contactlist\x64\debug\contactlist.obj
d:\projects\c++\excercisesofcpp\contactlist\x64\debug\assemblyinfo.obj
d:\projects\c++\excercisesofcpp\contactlist\x64\debug\.netframework,version=v4.8.assemblyattributes.obj
d:\projects\c++\excercisesofcpp\x64\debug\contactlist.exe
d:\projects\c++\excercisesofcpp\x64\debug\contactlist.pdb
d:\projects\c++\excercisesofcpp\contactlist\x64\debug\app.res
d:\projects\c++\excercisesofcpp\contactlist\x64\debug\contactlist.pdb
d:\projects\c++\excercisesofcpp\contactlist\x64\debug\contactlist.exe.metagen
d:\projects\c++\excercisesofcpp\contactlist\x64\debug\contactlist.tlog\cl.command.1.tlog
d:\projects\c++\excercisesofcpp\contactlist\x64\debug\contactlist.tlog\cl.items.tlog
d:\projects\c++\excercisesofcpp\contactlist\x64\debug\contactlist.tlog\cl.read.1.tlog
d:\projects\c++\excercisesofcpp\contactlist\x64\debug\contactlist.tlog\cl.write.1.tlog
d:\projects\c++\excercisesofcpp\contactlist\x64\debug\contactlist.tlog\link.command.1.tlog
d:\projects\c++\excercisesofcpp\contactlist\x64\debug\contactlist.tlog\link.read.1.tlog
d:\projects\c++\excercisesofcpp\contactlist\x64\debug\contactlist.tlog\link.secondary.1.tlog
d:\projects\c++\excercisesofcpp\contactlist\x64\debug\contactlist.tlog\link.write.1.tlog
d:\projects\c++\excercisesofcpp\contactlist\x64\debug\contactlist.tlog\metagen.read.1.tlog
d:\projects\c++\excercisesofcpp\contactlist\x64\debug\contactlist.tlog\metagen.write.1.tlog
d:\projects\c++\excercisesofcpp\contactlist\x64\debug\contactlist.tlog\rc.command.1.tlog
d:\projects\c++\excercisesofcpp\contactlist\x64\debug\contactlist.tlog\rc.read.1.tlog
d:\projects\c++\excercisesofcpp\contactlist\x64\debug\contactlist.tlog\rc.write.1.tlog
