d:\projects\c++\excercisesofcpp\colormix\x64\debug\colormix.pch
d:\projects\c++\excercisesofcpp\colormix\x64\debug\vc143.pdb
d:\projects\c++\excercisesofcpp\colormix\x64\debug\pch.obj
d:\projects\c++\excercisesofcpp\colormix\x64\debug\colormix.obj
d:\projects\c++\excercisesofcpp\colormix\x64\debug\assemblyinfo.obj
d:\projects\c++\excercisesofcpp\colormix\x64\debug\.netframework,version=v4.8.assemblyattributes.obj
d:\projects\c++\excercisesofcpp\x64\debug\colormix.exe
d:\projects\c++\excercisesofcpp\x64\debug\colormix.pdb
d:\projects\c++\excercisesofcpp\colormix\x64\debug\app.res
d:\projects\c++\excercisesofcpp\colormix\x64\debug\colormix.pdb
d:\projects\c++\excercisesofcpp\colormix\x64\debug\colormix.exe.metagen
d:\projects\c++\excercisesofcpp\colormix\x64\debug\colormix.tlog\cl.command.1.tlog
d:\projects\c++\excercisesofcpp\colormix\x64\debug\colormix.tlog\cl.items.tlog
d:\projects\c++\excercisesofcpp\colormix\x64\debug\colormix.tlog\cl.read.1.tlog
d:\projects\c++\excercisesofcpp\colormix\x64\debug\colormix.tlog\cl.write.1.tlog
d:\projects\c++\excercisesofcpp\colormix\x64\debug\colormix.tlog\link.command.1.tlog
d:\projects\c++\excercisesofcpp\colormix\x64\debug\colormix.tlog\link.read.1.tlog
d:\projects\c++\excercisesofcpp\colormix\x64\debug\colormix.tlog\link.secondary.1.tlog
d:\projects\c++\excercisesofcpp\colormix\x64\debug\colormix.tlog\link.write.1.tlog
d:\projects\c++\excercisesofcpp\colormix\x64\debug\colormix.tlog\metagen.read.1.tlog
d:\projects\c++\excercisesofcpp\colormix\x64\debug\colormix.tlog\metagen.write.1.tlog
d:\projects\c++\excercisesofcpp\colormix\x64\debug\colormix.tlog\rc.command.1.tlog
d:\projects\c++\excercisesofcpp\colormix\x64\debug\colormix.tlog\rc.read.1.tlog
d:\projects\c++\excercisesofcpp\colormix\x64\debug\colormix.tlog\rc.write.1.tlog
