d:\projects\c++\excercisesofcpp\motherandson\x64\debug\motherandson.pch
d:\projects\c++\excercisesofcpp\motherandson\x64\debug\vc143.pdb
d:\projects\c++\excercisesofcpp\motherandson\x64\debug\pch.obj
d:\projects\c++\excercisesofcpp\motherandson\x64\debug\motherandson.obj
d:\projects\c++\excercisesofcpp\motherandson\x64\debug\assemblyinfo.obj
d:\projects\c++\excercisesofcpp\motherandson\x64\debug\.netframework,version=v4.8.assemblyattributes.obj
d:\projects\c++\excercisesofcpp\x64\debug\motherandson.exe
d:\projects\c++\excercisesofcpp\x64\debug\motherandson.pdb
d:\projects\c++\excercisesofcpp\motherandson\x64\debug\app.res
d:\projects\c++\excercisesofcpp\motherandson\x64\debug\motherandson.tlog\cl.command.1.tlog
d:\projects\c++\excercisesofcpp\motherandson\x64\debug\motherandson.tlog\cl.items.tlog
d:\projects\c++\excercisesofcpp\motherandson\x64\debug\motherandson.tlog\cl.read.1.tlog
d:\projects\c++\excercisesofcpp\motherandson\x64\debug\motherandson.tlog\cl.write.1.tlog
d:\projects\c++\excercisesofcpp\motherandson\x64\debug\motherandson.tlog\link.command.1.tlog
d:\projects\c++\excercisesofcpp\motherandson\x64\debug\motherandson.tlog\link.read.1.tlog
d:\projects\c++\excercisesofcpp\motherandson\x64\debug\motherandson.tlog\link.secondary.1.tlog
d:\projects\c++\excercisesofcpp\motherandson\x64\debug\motherandson.tlog\link.write.1.tlog
d:\projects\c++\excercisesofcpp\motherandson\x64\debug\motherandson.tlog\metagen.read.1.tlog
d:\projects\c++\excercisesofcpp\motherandson\x64\debug\motherandson.tlog\metagen.write.1.tlog
d:\projects\c++\excercisesofcpp\motherandson\x64\debug\motherandson.tlog\rc.command.1.tlog
d:\projects\c++\excercisesofcpp\motherandson\x64\debug\motherandson.tlog\rc.read.1.tlog
d:\projects\c++\excercisesofcpp\motherandson\x64\debug\motherandson.tlog\rc.write.1.tlog
