d:\projects\c++\excercisesofcpp\studentcourse\x64\debug\studentcourse.pch
d:\projects\c++\excercisesofcpp\studentcourse\x64\debug\vc143.pdb
d:\projects\c++\excercisesofcpp\studentcourse\x64\debug\pch.obj
d:\projects\c++\excercisesofcpp\studentcourse\x64\debug\studentcourse.obj
d:\projects\c++\excercisesofcpp\studentcourse\x64\debug\assemblyinfo.obj
d:\projects\c++\excercisesofcpp\studentcourse\x64\debug\.netframework,version=v4.8.assemblyattributes.obj
d:\projects\c++\excercisesofcpp\x64\debug\studentcourse.exe
d:\projects\c++\excercisesofcpp\x64\debug\studentcourse.pdb
d:\projects\c++\excercisesofcpp\studentcourse\x64\debug\app.res
d:\projects\c++\excercisesofcpp\studentcourse\x64\debug\studentcourse.tlog\cl.command.1.tlog
d:\projects\c++\excercisesofcpp\studentcourse\x64\debug\studentcourse.tlog\cl.items.tlog
d:\projects\c++\excercisesofcpp\studentcourse\x64\debug\studentcourse.tlog\cl.read.1.tlog
d:\projects\c++\excercisesofcpp\studentcourse\x64\debug\studentcourse.tlog\cl.write.1.tlog
d:\projects\c++\excercisesofcpp\studentcourse\x64\debug\studentcourse.tlog\link.command.1.tlog
d:\projects\c++\excercisesofcpp\studentcourse\x64\debug\studentcourse.tlog\link.read.1.tlog
d:\projects\c++\excercisesofcpp\studentcourse\x64\debug\studentcourse.tlog\link.secondary.1.tlog
d:\projects\c++\excercisesofcpp\studentcourse\x64\debug\studentcourse.tlog\link.write.1.tlog
d:\projects\c++\excercisesofcpp\studentcourse\x64\debug\studentcourse.tlog\metagen.read.1.tlog
d:\projects\c++\excercisesofcpp\studentcourse\x64\debug\studentcourse.tlog\metagen.write.1.tlog
d:\projects\c++\excercisesofcpp\studentcourse\x64\debug\studentcourse.tlog\rc.command.1.tlog
d:\projects\c++\excercisesofcpp\studentcourse\x64\debug\studentcourse.tlog\rc.read.1.tlog
d:\projects\c++\excercisesofcpp\studentcourse\x64\debug\studentcourse.tlog\rc.write.1.tlog
