d:\projects\c++\excercisesofcpp\excercisesofcpp\x64\debug\excercisesofcpp.pch
d:\projects\c++\excercisesofcpp\excercisesofcpp\x64\debug\vc143.pdb
d:\projects\c++\excercisesofcpp\excercisesofcpp\x64\debug\pch.obj
d:\projects\c++\excercisesofcpp\excercisesofcpp\x64\debug\excercisesofcpp.obj
d:\projects\c++\excercisesofcpp\excercisesofcpp\x64\debug\assemblyinfo.obj
d:\projects\c++\excercisesofcpp\excercisesofcpp\x64\debug\.netframework,version=v4.8.assemblyattributes.obj
d:\projects\c++\excercisesofcpp\x64\debug\excercisesofcpp.exe
d:\projects\c++\excercisesofcpp\x64\debug\excercisesofcpp.pdb
d:\projects\c++\excercisesofcpp\excercisesofcpp\x64\debug\app.res
d:\projects\c++\excercisesofcpp\excercisesofcpp\x64\debug\excercisesofcpp.tlog\cl.command.1.tlog
d:\projects\c++\excercisesofcpp\excercisesofcpp\x64\debug\excercisesofcpp.tlog\cl.items.tlog
d:\projects\c++\excercisesofcpp\excercisesofcpp\x64\debug\excercisesofcpp.tlog\cl.read.1.tlog
d:\projects\c++\excercisesofcpp\excercisesofcpp\x64\debug\excercisesofcpp.tlog\cl.write.1.tlog
d:\projects\c++\excercisesofcpp\excercisesofcpp\x64\debug\excercisesofcpp.tlog\link.command.1.tlog
d:\projects\c++\excercisesofcpp\excercisesofcpp\x64\debug\excercisesofcpp.tlog\link.read.1.tlog
d:\projects\c++\excercisesofcpp\excercisesofcpp\x64\debug\excercisesofcpp.tlog\link.secondary.1.tlog
d:\projects\c++\excercisesofcpp\excercisesofcpp\x64\debug\excercisesofcpp.tlog\link.write.1.tlog
d:\projects\c++\excercisesofcpp\excercisesofcpp\x64\debug\excercisesofcpp.tlog\metagen.read.1.tlog
d:\projects\c++\excercisesofcpp\excercisesofcpp\x64\debug\excercisesofcpp.tlog\metagen.write.1.tlog
d:\projects\c++\excercisesofcpp\excercisesofcpp\x64\debug\excercisesofcpp.tlog\rc.command.1.tlog
d:\projects\c++\excercisesofcpp\excercisesofcpp\x64\debug\excercisesofcpp.tlog\rc.read.1.tlog
d:\projects\c++\excercisesofcpp\excercisesofcpp\x64\debug\excercisesofcpp.tlog\rc.write.1.tlog
